<?xml version="1.0" encoding="UTF-8"?>
<!-- Generated by org.testng.reporters.JUnitReportReporter -->
<testsuite name="com.ui.Automation.testHomepage.TC_001VerifyLoginCredentiols" tests="1" time="62.073" ignored="0" failures="0" timestamp="04 Jun 2018 11:58:49 GMT" skipped="0" hostname="QAP36-PC" errors="0">
  <testcase name="VerifyLoginCredentiols" time="62.073" classname="com.ui.Automation.testHomepage.TC_001VerifyLoginCredentiols"/>
</testsuite> <!-- com.ui.Automation.testHomepage.TC_001VerifyLoginCredentiols -->
